<?xml version="1.0" encoding="UTF-8"?>
<!-- Generated by org.testng.reporters.JUnitReportReporter -->
<testsuite hostname="LAKSHMINARAYANA" failures="0" tests="2" name="practice.NewTest" time="0.014" errors="0" timestamp="18 Aug 2018 20:30:04 GMT" skipped="0">
  <testcase classname="practice.NewTest" name="f" time="0.009"/>
  <testcase classname="practice.NewTest" name="g" time="0.005"/>
</testsuite> <!-- practice.NewTest -->
