<?xml version="1.0" encoding="UTF-8"?>
<!-- Generated by org.testng.reporters.JUnitReportReporter -->
<testsuite hostname="LAKSHMINARAYANA" failures="0" tests="1" name="NewTest" time="0.007" errors="0" timestamp="18 Aug 2018 21:06:49 GMT" skipped="0">
  <testcase classname="NewTest" name="f" time="0.007"/>
</testsuite> <!-- NewTest -->
